* 000000 [Engine] Log started at 2022/2/16 22:14:3
* 000000 [Engine] This copy of the engine is git hash 8b56508c2aa1b3d889291ca18a504b0782ee10ff, built on Feb 10 2022, at 22:53:16
* 000000 [Engine] Platform: Mac OS X
* 000000 [Engine] 
* 000000 [Engine] *******************************************************************************************
* 000000 [Engine] *** This is the Standard license build!                                                 ***
* 000000 [Engine] *** Get more with an Indie or Pro license such as C extensions, mobile dev, and VR dev! ***
* 000000 [Engine] *** Details at http://dragonruby.org/toolkit/game#purchase                              ***
* 000000 [Engine] *******************************************************************************************
* 000000 [Engine] 
- 000000 [Engine] Game ID: hello-SDL
- 000000 [Engine] Game title: Update metadata/game_metadata.txt in your mygame directory to change this title.
- 000000 [Engine] Game version: 1.0
- 000000 [Engine] Game package ID: 
- 000000 [Engine] Game Developer ID: dragonruby
- 000000 [Engine] Game Developer title: DragonRuby LLC
- 000000 [Engine] Production build: no
? 000001 [Engine] RNG seed has been set to 1645078444.
? 000001 [Engine] Marked app/main.rb for reload. (-1)
* 000355 [Engine] Logging shutting down
